<?xml version="1.0" encoding="UTF-8"?>
<!-- Generated by org.testng.reporters.JUnitXMLReporter -->
<testsuite ignored="0" hostname="DESKTOP-SPHJSHV" failures="0" tests="6" name="Test2" time="0.129" errors="0" timestamp="2023-06-11T18:44:09 IST">
  <testcase classname="TestNG3.example6_Sample1" name="TC1" time="0.015"/>
  <testcase classname="TestNG3.example6_Sample1" name="TC2" time="0.002"/>
  <testcase classname="TestNG3.example6_Sample1" name="TC3" time="0.002"/>
  <testcase classname="TestNG3.example6_Sample2" name="TC4" time="0.002"/>
  <testcase classname="TestNG3.example6_Sample2" name="TC5" time="0.002"/>
  <testcase classname="TestNG3.example6_Sample2" name="TC6" time="0.003"/>
</testsuite> <!-- Test2 -->
