<?xml version="1.0" encoding="UTF-8"?>
<!-- Generated by org.testng.reporters.JUnitXMLReporter -->
<testsuite ignored="0" hostname="DESKTOP-SPHJSHV" failures="0" tests="6" name="Test" time="0.128" errors="0" timestamp="2023-06-11T18:35:34 IST">
  <testcase classname="TestNG3.example6_Sample1" name="TC1" time="0.016"/>
  <testcase classname="TestNG3.example6_Sample1" name="TC2" time="0.003"/>
  <testcase classname="TestNG3.example6_Sample1" name="TC3" time="0.004"/>
  <testcase classname="TestNG3.example6_Sample2" name="TC4" time="0.001"/>
  <testcase classname="TestNG3.example6_Sample2" name="TC5" time="0.001"/>
  <testcase classname="TestNG3.example6_Sample2" name="TC6" time="0.001"/>
</testsuite> <!-- Test -->
